<?xml version="1.0" encoding="UTF-8"?>
<!-- Generated by org.testng.reporters.JUnitXMLReporter -->
<testsuite hostname="DESKTOP-UDJ5PR4" name="test" tests="50" failures="7" timestamp="3 Dec 2019 11:48:39 GMT" time="1103.652" errors="0">
  <testcase name="FindByContent" time="11.043" classname="fengrao.Demo1">
    <failure type="java.lang.AssertionError" message="expected [true] but found [false]">
      <![CDATA[java.lang.AssertionError: expected [true] but found [false]
	at fengrao.Demo1.FindByContent(Demo1.java:270)
... Removed 28 stack frames]]>
    </failure>
  </testcase> <!-- FindByContent -->
  <testcase name="FindByContent1" time="3.397" classname="fengrao.Demo1"/>
  <testcase name="FindBytitle1" time="5.671" classname="fengrao.Demo1">
    <failure type="java.lang.AssertionError" message="expected [true] but found [false]">
      <![CDATA[java.lang.AssertionError: expected [true] but found [false]
	at fengrao.Demo1.FindBytitle1(Demo1.java:252)
... Removed 28 stack frames]]>
    </failure>
  </testcase> <!-- FindBytitle1 -->
  <testcase name="FindBytitle2" time="10.469" classname="fengrao.Demo1"/>
  <testcase name="FindPeopleByAddress1" time="32.071" classname="fengrao.Demo1"/>
  <testcase name="FindPeopleByAddress2" time="28.345" classname="fengrao.Demo1"/>
  <testcase name="FindPeopleByName1" time="11.844" classname="fengrao.Demo1"/>
  <testcase name="FindPeopleByName2" time="7.375" classname="fengrao.Demo1"/>
  <testcase name="FindPeopleByName3" time="8.222" classname="fengrao.Demo1"/>
  <testcase name="FindPeopleByStatus1" time="10.374" classname="fengrao.Demo1"/>
  <testcase name="FindPeopleByStatus2" time="5.407" classname="fengrao.Demo1"/>
  <testcase name="FindPeopleByStatus3" time="8.408" classname="fengrao.Demo1"/>
  <testcase name="HandlePeople1" time="18.696" classname="fengrao.Demo1"/>
  <testcase name="HandlePeople1" time="17.964" classname="fengrao.Demo1"/>
  <testcase name="HandlePeople1" time="16.518" classname="fengrao.Demo1"/>
  <testcase name="HandlePeople2" time="20.009" classname="fengrao.Demo1"/>
  <testcase name="HandlePeople2" time="19.985" classname="fengrao.Demo1"/>
  <testcase name="HandlePeople2" time="17.754" classname="fengrao.Demo1"/>
  <testcase name="HandlePeople3" time="29.761" classname="fengrao.Demo1">
    <failure type="java.lang.AssertionError" message="expected [true] but found [false]">
      <![CDATA[java.lang.AssertionError: expected [true] but found [false]
	at fengrao.Demo1.HandlePeople3(Demo1.java:164)
... Removed 28 stack frames]]>
    </failure>
  </testcase> <!-- HandlePeople3 -->
  <testcase name="HandlePeople4" time="25.417" classname="fengrao.Demo1">
    <failure type="java.lang.AssertionError" message="expected [true] but found [false]">
      <![CDATA[java.lang.AssertionError: expected [true] but found [false]
	at fengrao.Demo1.HandlePeople4(Demo1.java:194)
... Removed 28 stack frames]]>
    </failure>
  </testcase> <!-- HandlePeople4 -->
  <testcase name="HandlePeople5" time="20.072" classname="fengrao.Demo1"/>
  <testcase name="test1" time="12.308" classname="fengrao.Demo1"/>
  <testcase name="test10" time="10.055" classname="fengrao.Demo1"/>
  <testcase name="test2" time="8.841" classname="fengrao.Demo1"/>
  <testcase name="test4" time="9.782" classname="fengrao.Demo1"/>
  <testcase name="test5" time="6.608" classname="fengrao.Demo1">
    <failure type="org.openqa.selenium.ElementNotInteractableException" message="Element &amp;lt;a id=&amp;quot;btn_prev&amp;quot; href=&amp;quot;javascript:;&amp;quot;&amp;gt; could not be scrolled into view
Build info: version: &amp;apos;3.141.59&amp;apos;, revision: &amp;apos;e82be7d358&amp;apos;, time: &amp;apos;2018-11-14T08:25:53&amp;apos;
System info: host: &amp;apos;DESKTOP-UDJ5PR4&amp;apos;, ip: &amp;apos;169.254.170.10&amp;apos;, os.name: &amp;apos;Windows 10&amp;apos;, os.arch: &amp;apos;amd64&amp;apos;, os.version: &amp;apos;10.0&amp;apos;, java.version: &amp;apos;1.8.0_73&amp;apos;
Driver info: org.openqa.selenium.firefox.FirefoxDriver
Capabilities {acceptInsecureCerts: true, browserName: firefox, browserVersion: 65.0.2, javascriptEnabled: true, moz:accessibilityChecks: false, moz:geckodriverVersion: 0.24.0, moz:headless: false, moz:processID: 127112, moz:profile: C:\Users\dell\AppData\Local..., moz:shutdownTimeout: 60000, moz:useNonSpecCompliantPointerOrigin: false, moz:webdriverClick: true, pageLoadStrategy: normal, platform: WINDOWS, platformName: WINDOWS, platformVersion: 10.0, rotatable: false, setWindowRect: true, strictFileInteractability: false, timeouts: {implicit: 0, pageLoad: 300000, script: 30000}, unhandledPromptBehavior: dismiss and notify}
Session ID: 1e1f11f5-2c53-4eef-93a8-dbb08d256305">
      <![CDATA[org.openqa.selenium.ElementNotInteractableException: Element <a id="btn_prev" href="javascript:;"> could not be scrolled into view
Build info: version: '3.141.59', revision: 'e82be7d358', time: '2018-11-14T08:25:53'
System info: host: 'DESKTOP-UDJ5PR4', ip: '169.254.170.10', os.name: 'Windows 10', os.arch: 'amd64', os.version: '10.0', java.version: '1.8.0_73'
Driver info: org.openqa.selenium.firefox.FirefoxDriver
Capabilities {acceptInsecureCerts: true, browserName: firefox, browserVersion: 65.0.2, javascriptEnabled: true, moz:accessibilityChecks: false, moz:geckodriverVersion: 0.24.0, moz:headless: false, moz:processID: 127112, moz:profile: C:\Users\dell\AppData\Local..., moz:shutdownTimeout: 60000, moz:useNonSpecCompliantPointerOrigin: false, moz:webdriverClick: true, pageLoadStrategy: normal, platform: WINDOWS, platformName: WINDOWS, platformVersion: 10.0, rotatable: false, setWindowRect: true, strictFileInteractability: false, timeouts: {implicit: 0, pageLoad: 300000, script: 30000}, unhandledPromptBehavior: dismiss and notify}
Session ID: 1e1f11f5-2c53-4eef-93a8-dbb08d256305
	at org.openqa.selenium.remote.http.W3CHttpResponseCodec.createException(W3CHttpResponseCodec.java:187)
	at org.openqa.selenium.remote.http.W3CHttpResponseCodec.decode(W3CHttpResponseCodec.java:122)
	at org.openqa.selenium.remote.http.W3CHttpResponseCodec.decode(W3CHttpResponseCodec.java:49)
	at org.openqa.selenium.remote.HttpCommandExecutor.execute(HttpCommandExecutor.java:158)
	at org.openqa.selenium.remote.service.DriverCommandExecutor.execute(DriverCommandExecutor.java:83)
	at org.openqa.selenium.remote.RemoteWebDriver.execute(RemoteWebDriver.java:552)
	at org.openqa.selenium.remote.RemoteWebElement.execute(RemoteWebElement.java:285)
	at org.openqa.selenium.remote.RemoteWebElement.click(RemoteWebElement.java:84)
	at com.webtest.core.WebDriverEngine.click(WebDriverEngine.java:140)
	at fengrao.Demo1.test5(Demo1.java:320)
... Removed 28 stack frames]]>
    </failure>
  </testcase> <!-- test5 -->
  <testcase name="test6" time="10.713" classname="fengrao.Demo1"/>
  <testcase name="test6" time="7.745" classname="fengrao.Demo1"/>
  <testcase name="test6" time="6.978" classname="fengrao.Demo1"/>
  <testcase name="test7" time="23.327" classname="fengrao.Demo1"/>
  <testcase name="test8" time="21.394" classname="fengrao.Demo1"/>
  <testcase name="test9" time="25.196" classname="fengrao.Demo1">
    <failure type="java.lang.AssertionError" message="expected [true] but found [false]">
      <![CDATA[java.lang.AssertionError: expected [true] but found [false]
	at fengrao.Demo1.test9(Demo1.java:378)
... Removed 28 stack frames]]>
    </failure>
  </testcase> <!-- test9 -->
  <testcase name="test1" time="7.247" classname="fengrao.Demo3"/>
  <testcase name="test2" time="6.342" classname="fengrao.Demo3"/>
  <testcase name="test3" time="15.389" classname="fengrao.Demo3"/>
  <testcase name="test3" time="15.959" classname="fengrao.Demo3"/>
  <testcase name="test3" time="15.534" classname="fengrao.Demo3"/>
  <testcase name="test3" time="15.369" classname="fengrao.Demo3"/>
  <testcase name="test3" time="15.433" classname="fengrao.Demo3"/>
  <testcase name="test4" time="22.474" classname="fengrao.Demo3"/>
  <testcase name="test5" time="13.69" classname="fengrao.Demo3"/>
  <testcase name="test5" time="12.123" classname="fengrao.Demo3"/>
  <testcase name="test5" time="11.888" classname="fengrao.Demo3">
    <failure type="java.lang.AssertionError" message="expected [true] but found [false]">
      <![CDATA[java.lang.AssertionError: expected [true] but found [false]
	at fengrao.Demo3.test5(Demo3.java:109)
... Removed 28 stack frames]]>
    </failure>
  </testcase> <!-- test5 -->
  <testcase name="test5" time="11.814" classname="fengrao.Demo3"/>
  <testcase name="test5" time="11.775" classname="fengrao.Demo3"/>
  <testcase name="test51" time="12.068" classname="fengrao.Demo3"/>
  <testcase name="test52" time="10.875" classname="fengrao.Demo3"/>
  <testcase name="test7" time="10.309" classname="fengrao.Demo3"/>
  <testcase name="test8" time="13.73" classname="fengrao.Demo3"/>
  <testcase name="test9" time="9.899" classname="fengrao.Demo3"/>
</testsuite> <!-- test -->
