<html>
<head>
<title>TestNG:  test</title>
<link href="../testng.css" rel="stylesheet" type="text/css" />
<link href="../my-testng.css" rel="stylesheet" type="text/css" />

<style type="text/css">
.log { display: none;} 
.stack-trace { display: none;} 
</style>
<script type="text/javascript">
<!--
function flip(e) {
  current = e.style.display;
  if (current == 'block') {
    e.style.display = 'none';
    return 0;
  }
  else {
    e.style.display = 'block';
    return 1;
  }
}

function toggleBox(szDivId, elem, msg1, msg2)
{
  var res = -1;  if (document.getElementById) {
    res = flip(document.getElementById(szDivId));
  }
  else if (document.all) {
    // this is the way old msie versions work
    res = flip(document.all[szDivId]);
  }
  if(elem) {
    if(res == 0) elem.innerHTML = msg1; else elem.innerHTML = msg2;
  }

}

function toggleAllBoxes() {
  if (document.getElementsByTagName) {
    d = document.getElementsByTagName('div');
    for (i = 0; i < d.length; i++) {
      if (d[i].className == 'log') {
        flip(d[i]);
      }
    }
  }
}

// -->
</script>

</head>
<body>
<h2 align='center'>test</h2><table border='1' align="center">
<tr>
<td>Tests passed/Failed/Skipped:</td><td>43/7/0</td>
</tr><tr>
<td>Started on:</td><td>Tue Dec 03 19:29:39 CST 2019</td>
</tr>
<tr><td>Total time:</td><td>1103 seconds (1103652 ms)</td>
</tr><tr>
<td>Included groups:</td><td></td>
</tr><tr>
<td>Excluded groups:</td><td></td>
</tr>
</table><p/>
<small><i>(Hover the method name to see the test class name)</i></small><p/>
<table width='100%' border='1' class='invocation-failed'>
<tr><td colspan='4' align='center'><b>FAILED TESTS</b></td></tr>
<tr><td><b>Test method</b></td>
<td width="30%"><b>Exception</b></td>
<td width="10%"><b>Time (seconds)</b></td>
<td><b>Instance</b></td>
</tr>
<tr>
<td title='fengrao.Demo1.FindByContent()'><b>FindByContent</b><br>Test class: fengrao.Demo1<br>Test method: 根据摘要关键字查找</td>
<td><div><pre>java.lang.AssertionError: expected [true] but found [false]
	at fengrao.Demo1.FindByContent(Demo1.java:270)
... Removed 28 stack frames</pre></div><a href='#' onClick='toggleBox("stack-trace979291363", this, "Click to show all stack frames", "Click to hide stack frames")'>Click to show all stack frames</a>
<div class='stack-trace' id='stack-trace979291363'><pre>java.lang.AssertionError: expected [true] but found [false]
	at org.testng.Assert.fail(Assert.java:94)
	at org.testng.Assert.failNotEquals(Assert.java:513)
	at org.testng.Assert.assertTrue(Assert.java:42)
	at org.testng.Assert.assertTrue(Assert.java:52)
	at fengrao.Demo1.FindByContent(Demo1.java:270)
	at sun.reflect.NativeMethodAccessorImpl.invoke0(Native Method)
	at sun.reflect.NativeMethodAccessorImpl.invoke(NativeMethodAccessorImpl.java:62)
	at sun.reflect.DelegatingMethodAccessorImpl.invoke(DelegatingMethodAccessorImpl.java:43)
	at java.lang.reflect.Method.invoke(Method.java:497)
	at org.testng.internal.MethodInvocationHelper.invokeMethod(MethodInvocationHelper.java:86)
	at org.testng.internal.Invoker.invokeMethod(Invoker.java:645)
	at org.testng.internal.Invoker.invokeTestMethod(Invoker.java:822)
	at org.testng.internal.Invoker.invokeTestMethods(Invoker.java:1130)
	at org.testng.internal.TestMethodWorker.invokeTestMethods(TestMethodWorker.java:129)
	at org.testng.internal.TestMethodWorker.run(TestMethodWorker.java:112)
	at org.testng.TestRunner.privateRun(TestRunner.java:782)
	at org.testng.TestRunner.run(TestRunner.java:632)
	at org.testng.SuiteRunner.runTest(SuiteRunner.java:366)
	at org.testng.SuiteRunner.runSequentially(SuiteRunner.java:361)
	at org.testng.SuiteRunner.privateRun(SuiteRunner.java:319)
	at org.testng.SuiteRunner.run(SuiteRunner.java:268)
	at org.testng.SuiteRunnerWorker.runSuite(SuiteRunnerWorker.java:52)
	at org.testng.SuiteRunnerWorker.run(SuiteRunnerWorker.java:86)
	at org.testng.TestNG.runSuitesSequentially(TestNG.java:1244)
	at org.testng.TestNG.runSuitesLocally(TestNG.java:1169)
	at org.testng.TestNG.run(TestNG.java:1064)
	at org.testng.remote.RemoteTestNG.run(RemoteTestNG.java:113)
	at org.testng.remote.RemoteTestNG.initAndRun(RemoteTestNG.java:206)
	at org.testng.remote.RemoteTestNG.main(RemoteTestNG.java:177)
</pre></div></td>
<td>11</td>
<td>fengrao.Demo1@28f67ac7</td></tr>
<tr>
<td title='fengrao.Demo1.FindBytitle1()'><b>FindBytitle1</b><br>Test class: fengrao.Demo1<br>Test method: 根据不存在的内容查找</td>
<td><div><pre>java.lang.AssertionError: expected [true] but found [false]
	at fengrao.Demo1.FindBytitle1(Demo1.java:252)
... Removed 28 stack frames</pre></div><a href='#' onClick='toggleBox("stack-trace58488213", this, "Click to show all stack frames", "Click to hide stack frames")'>Click to show all stack frames</a>
<div class='stack-trace' id='stack-trace58488213'><pre>java.lang.AssertionError: expected [true] but found [false]
	at org.testng.Assert.fail(Assert.java:94)
	at org.testng.Assert.failNotEquals(Assert.java:513)
	at org.testng.Assert.assertTrue(Assert.java:42)
	at org.testng.Assert.assertTrue(Assert.java:52)
	at fengrao.Demo1.FindBytitle1(Demo1.java:252)
	at sun.reflect.NativeMethodAccessorImpl.invoke0(Native Method)
	at sun.reflect.NativeMethodAccessorImpl.invoke(NativeMethodAccessorImpl.java:62)
	at sun.reflect.DelegatingMethodAccessorImpl.invoke(DelegatingMethodAccessorImpl.java:43)
	at java.lang.reflect.Method.invoke(Method.java:497)
	at org.testng.internal.MethodInvocationHelper.invokeMethod(MethodInvocationHelper.java:86)
	at org.testng.internal.Invoker.invokeMethod(Invoker.java:645)
	at org.testng.internal.Invoker.invokeTestMethod(Invoker.java:822)
	at org.testng.internal.Invoker.invokeTestMethods(Invoker.java:1130)
	at org.testng.internal.TestMethodWorker.invokeTestMethods(TestMethodWorker.java:129)
	at org.testng.internal.TestMethodWorker.run(TestMethodWorker.java:112)
	at org.testng.TestRunner.privateRun(TestRunner.java:782)
	at org.testng.TestRunner.run(TestRunner.java:632)
	at org.testng.SuiteRunner.runTest(SuiteRunner.java:366)
	at org.testng.SuiteRunner.runSequentially(SuiteRunner.java:361)
	at org.testng.SuiteRunner.privateRun(SuiteRunner.java:319)
	at org.testng.SuiteRunner.run(SuiteRunner.java:268)
	at org.testng.SuiteRunnerWorker.runSuite(SuiteRunnerWorker.java:52)
	at org.testng.SuiteRunnerWorker.run(SuiteRunnerWorker.java:86)
	at org.testng.TestNG.runSuitesSequentially(TestNG.java:1244)
	at org.testng.TestNG.runSuitesLocally(TestNG.java:1169)
	at org.testng.TestNG.run(TestNG.java:1064)
	at org.testng.remote.RemoteTestNG.run(RemoteTestNG.java:113)
	at org.testng.remote.RemoteTestNG.initAndRun(RemoteTestNG.java:206)
	at org.testng.remote.RemoteTestNG.main(RemoteTestNG.java:177)
</pre></div></td>
<td>5</td>
<td>fengrao.Demo1@28f67ac7</td></tr>
<tr>
<td title='fengrao.Demo1.HandlePeople3()'><b>HandlePeople3</b><br>Test class: fengrao.Demo1<br>Test method: 指定用户显示的粉丝人数变化</td>
<td><div><pre>java.lang.AssertionError: expected [true] but found [false]
	at fengrao.Demo1.HandlePeople3(Demo1.java:164)
... Removed 28 stack frames</pre></div><a href='#' onClick='toggleBox("stack-trace1234329919", this, "Click to show all stack frames", "Click to hide stack frames")'>Click to show all stack frames</a>
<div class='stack-trace' id='stack-trace1234329919'><pre>java.lang.AssertionError: expected [true] but found [false]
	at org.testng.Assert.fail(Assert.java:94)
	at org.testng.Assert.failNotEquals(Assert.java:513)
	at org.testng.Assert.assertTrue(Assert.java:42)
	at org.testng.Assert.assertTrue(Assert.java:52)
	at fengrao.Demo1.HandlePeople3(Demo1.java:164)
	at sun.reflect.NativeMethodAccessorImpl.invoke0(Native Method)
	at sun.reflect.NativeMethodAccessorImpl.invoke(NativeMethodAccessorImpl.java:62)
	at sun.reflect.DelegatingMethodAccessorImpl.invoke(DelegatingMethodAccessorImpl.java:43)
	at java.lang.reflect.Method.invoke(Method.java:497)
	at org.testng.internal.MethodInvocationHelper.invokeMethod(MethodInvocationHelper.java:86)
	at org.testng.internal.Invoker.invokeMethod(Invoker.java:645)
	at org.testng.internal.Invoker.invokeTestMethod(Invoker.java:822)
	at org.testng.internal.Invoker.invokeTestMethods(Invoker.java:1130)
	at org.testng.internal.TestMethodWorker.invokeTestMethods(TestMethodWorker.java:129)
	at org.testng.internal.TestMethodWorker.run(TestMethodWorker.java:112)
	at org.testng.TestRunner.privateRun(TestRunner.java:782)
	at org.testng.TestRunner.run(TestRunner.java:632)
	at org.testng.SuiteRunner.runTest(SuiteRunner.java:366)
	at org.testng.SuiteRunner.runSequentially(SuiteRunner.java:361)
	at org.testng.SuiteRunner.privateRun(SuiteRunner.java:319)
	at org.testng.SuiteRunner.run(SuiteRunner.java:268)
	at org.testng.SuiteRunnerWorker.runSuite(SuiteRunnerWorker.java:52)
	at org.testng.SuiteRunnerWorker.run(SuiteRunnerWorker.java:86)
	at org.testng.TestNG.runSuitesSequentially(TestNG.java:1244)
	at org.testng.TestNG.runSuitesLocally(TestNG.java:1169)
	at org.testng.TestNG.run(TestNG.java:1064)
	at org.testng.remote.RemoteTestNG.run(RemoteTestNG.java:113)
	at org.testng.remote.RemoteTestNG.initAndRun(RemoteTestNG.java:206)
	at org.testng.remote.RemoteTestNG.main(RemoteTestNG.java:177)
</pre></div></td>
<td>29</td>
<td>fengrao.Demo1@28f67ac7</td></tr>
<tr>
<td title='fengrao.Demo1.HandlePeople4()'><b>HandlePeople4</b><br>Test class: fengrao.Demo1<br>Test method: 登录用户的关注人数变化</td>
<td><div><pre>java.lang.AssertionError: expected [true] but found [false]
	at fengrao.Demo1.HandlePeople4(Demo1.java:194)
... Removed 28 stack frames</pre></div><a href='#' onClick='toggleBox("stack-trace454424866", this, "Click to show all stack frames", "Click to hide stack frames")'>Click to show all stack frames</a>
<div class='stack-trace' id='stack-trace454424866'><pre>java.lang.AssertionError: expected [true] but found [false]
	at org.testng.Assert.fail(Assert.java:94)
	at org.testng.Assert.failNotEquals(Assert.java:513)
	at org.testng.Assert.assertTrue(Assert.java:42)
	at org.testng.Assert.assertTrue(Assert.java:52)
	at fengrao.Demo1.HandlePeople4(Demo1.java:194)
	at sun.reflect.NativeMethodAccessorImpl.invoke0(Native Method)
	at sun.reflect.NativeMethodAccessorImpl.invoke(NativeMethodAccessorImpl.java:62)
	at sun.reflect.DelegatingMethodAccessorImpl.invoke(DelegatingMethodAccessorImpl.java:43)
	at java.lang.reflect.Method.invoke(Method.java:497)
	at org.testng.internal.MethodInvocationHelper.invokeMethod(MethodInvocationHelper.java:86)
	at org.testng.internal.Invoker.invokeMethod(Invoker.java:645)
	at org.testng.internal.Invoker.invokeTestMethod(Invoker.java:822)
	at org.testng.internal.Invoker.invokeTestMethods(Invoker.java:1130)
	at org.testng.internal.TestMethodWorker.invokeTestMethods(TestMethodWorker.java:129)
	at org.testng.internal.TestMethodWorker.run(TestMethodWorker.java:112)
	at org.testng.TestRunner.privateRun(TestRunner.java:782)
	at org.testng.TestRunner.run(TestRunner.java:632)
	at org.testng.SuiteRunner.runTest(SuiteRunner.java:366)
	at org.testng.SuiteRunner.runSequentially(SuiteRunner.java:361)
	at org.testng.SuiteRunner.privateRun(SuiteRunner.java:319)
	at org.testng.SuiteRunner.run(SuiteRunner.java:268)
	at org.testng.SuiteRunnerWorker.runSuite(SuiteRunnerWorker.java:52)
	at org.testng.SuiteRunnerWorker.run(SuiteRunnerWorker.java:86)
	at org.testng.TestNG.runSuitesSequentially(TestNG.java:1244)
	at org.testng.TestNG.runSuitesLocally(TestNG.java:1169)
	at org.testng.TestNG.run(TestNG.java:1064)
	at org.testng.remote.RemoteTestNG.run(RemoteTestNG.java:113)
	at org.testng.remote.RemoteTestNG.initAndRun(RemoteTestNG.java:206)
	at org.testng.remote.RemoteTestNG.main(RemoteTestNG.java:177)
</pre></div></td>
<td>25</td>
<td>fengrao.Demo1@28f67ac7</td></tr>
<tr>
<td title='fengrao.Demo1.test5()'><b>test5</b><br>Test class: fengrao.Demo1<br>Test method: 轮播图片的变换,左侧按钮</td>
<td><div><pre>org.openqa.selenium.ElementNotInteractableException: Element &lt;a id=&quot;btn_prev&quot; href=&quot;javascript:;&quot;&gt; could not be scrolled into view
Build info: version: &apos;3.141.59&apos;, revision: &apos;e82be7d358&apos;, time: &apos;2018-11-14T08:25:53&apos;
System info: host: &apos;DESKTOP-UDJ5PR4&apos;, ip: &apos;169.254.170.10&apos;, os.name: &apos;Windows 10&apos;, os.arch: &apos;amd64&apos;, os.version: &apos;10.0&apos;, java.version: &apos;1.8.0_73&apos;
Driver info: org.openqa.selenium.firefox.FirefoxDriver
Capabilities {acceptInsecureCerts: true, browserName: firefox, browserVersion: 65.0.2, javascriptEnabled: true, moz:accessibilityChecks: false, moz:geckodriverVersion: 0.24.0, moz:headless: false, moz:processID: 127112, moz:profile: C:\Users\dell\AppData\Local..., moz:shutdownTimeout: 60000, moz:useNonSpecCompliantPointerOrigin: false, moz:webdriverClick: true, pageLoadStrategy: normal, platform: WINDOWS, platformName: WINDOWS, platformVersion: 10.0, rotatable: false, setWindowRect: true, strictFileInteractability: false, timeouts: {implicit: 0, pageLoad: 300000, script: 30000}, unhandledPromptBehavior: dismiss and notify}
Session ID: 1e1f11f5-2c53-4eef-93a8-dbb08d256305
	at org.openqa.selenium.remote.http.W3CHttpResponseCodec.createException(W3CHttpResponseCodec.java:187)
	at org.openqa.selenium.remote.http.W3CHttpResponseCodec.decode(W3CHttpResponseCodec.java:122)
	at org.openqa.selenium.remote.http.W3CHttpResponseCodec.decode(W3CHttpResponseCodec.java:49)
	at org.openqa.selenium.remote.HttpCommandExecutor.execute(HttpCommandExecutor.java:158)
	at org.openqa.selenium.remote.service.DriverCommandExecutor.execute(DriverCommandExecutor.java:83)
	at org.openqa.selenium.remote.RemoteWebDriver.execute(RemoteWebDriver.java:552)
	at org.openqa.selenium.remote.RemoteWebElement.execute(RemoteWebElement.java:285)
	at org.openqa.selenium.remote.RemoteWebElement.click(RemoteWebElement.java:84)
	at com.webtest.core.WebDriverEngine.click(WebDriverEngine.java:140)
	at fengrao.Demo1.test5(Demo1.java:320)
... Removed 28 stack frames</pre></div><a href='#' onClick='toggleBox("stack-trace181613131", this, "Click to show all stack frames", "Click to hide stack frames")'>Click to show all stack frames</a>
<div class='stack-trace' id='stack-trace181613131'><pre>org.openqa.selenium.ElementNotInteractableException: Element &lt;a id=&quot;btn_prev&quot; href=&quot;javascript:;&quot;&gt; could not be scrolled into view
Build info: version: &apos;3.141.59&apos;, revision: &apos;e82be7d358&apos;, time: &apos;2018-11-14T08:25:53&apos;
System info: host: &apos;DESKTOP-UDJ5PR4&apos;, ip: &apos;169.254.170.10&apos;, os.name: &apos;Windows 10&apos;, os.arch: &apos;amd64&apos;, os.version: &apos;10.0&apos;, java.version: &apos;1.8.0_73&apos;
Driver info: org.openqa.selenium.firefox.FirefoxDriver
Capabilities {acceptInsecureCerts: true, browserName: firefox, browserVersion: 65.0.2, javascriptEnabled: true, moz:accessibilityChecks: false, moz:geckodriverVersion: 0.24.0, moz:headless: false, moz:processID: 127112, moz:profile: C:\Users\dell\AppData\Local..., moz:shutdownTimeout: 60000, moz:useNonSpecCompliantPointerOrigin: false, moz:webdriverClick: true, pageLoadStrategy: normal, platform: WINDOWS, platformName: WINDOWS, platformVersion: 10.0, rotatable: false, setWindowRect: true, strictFileInteractability: false, timeouts: {implicit: 0, pageLoad: 300000, script: 30000}, unhandledPromptBehavior: dismiss and notify}
Session ID: 1e1f11f5-2c53-4eef-93a8-dbb08d256305
	at sun.reflect.NativeConstructorAccessorImpl.newInstance0(Native Method)
	at sun.reflect.NativeConstructorAccessorImpl.newInstance(NativeConstructorAccessorImpl.java:62)
	at sun.reflect.DelegatingConstructorAccessorImpl.newInstance(DelegatingConstructorAccessorImpl.java:45)
	at java.lang.reflect.Constructor.newInstance(Constructor.java:422)
	at org.openqa.selenium.remote.http.W3CHttpResponseCodec.createException(W3CHttpResponseCodec.java:187)
	at org.openqa.selenium.remote.http.W3CHttpResponseCodec.decode(W3CHttpResponseCodec.java:122)
	at org.openqa.selenium.remote.http.W3CHttpResponseCodec.decode(W3CHttpResponseCodec.java:49)
	at org.openqa.selenium.remote.HttpCommandExecutor.execute(HttpCommandExecutor.java:158)
	at org.openqa.selenium.remote.service.DriverCommandExecutor.execute(DriverCommandExecutor.java:83)
	at org.openqa.selenium.remote.RemoteWebDriver.execute(RemoteWebDriver.java:552)
	at org.openqa.selenium.remote.RemoteWebElement.execute(RemoteWebElement.java:285)
	at org.openqa.selenium.remote.RemoteWebElement.click(RemoteWebElement.java:84)
	at com.webtest.core.WebDriverEngine.click(WebDriverEngine.java:140)
	at fengrao.Demo1.test5(Demo1.java:320)
	at sun.reflect.NativeMethodAccessorImpl.invoke0(Native Method)
	at sun.reflect.NativeMethodAccessorImpl.invoke(NativeMethodAccessorImpl.java:62)
	at sun.reflect.DelegatingMethodAccessorImpl.invoke(DelegatingMethodAccessorImpl.java:43)
	at java.lang.reflect.Method.invoke(Method.java:497)
	at org.testng.internal.MethodInvocationHelper.invokeMethod(MethodInvocationHelper.java:86)
	at org.testng.internal.Invoker.invokeMethod(Invoker.java:645)
	at org.testng.internal.Invoker.invokeTestMethod(Invoker.java:822)
	at org.testng.internal.Invoker.invokeTestMethods(Invoker.java:1130)
	at org.testng.internal.TestMethodWorker.invokeTestMethods(TestMethodWorker.java:129)
	at org.testng.internal.TestMethodWorker.run(TestMethodWorker.java:112)
	at org.testng.TestRunner.privateRun(TestRunner.java:782)
	at org.testng.TestRunner.run(TestRunner.java:632)
	at org.testng.SuiteRunner.runTest(SuiteRunner.java:366)
	at org.testng.SuiteRunner.runSequentially(SuiteRunner.java:361)
	at org.testng.SuiteRunner.privateRun(SuiteRunner.java:319)
	at org.testng.SuiteRunner.run(SuiteRunner.java:268)
	at org.testng.SuiteRunnerWorker.runSuite(SuiteRunnerWorker.java:52)
	at org.testng.SuiteRunnerWorker.run(SuiteRunnerWorker.java:86)
	at org.testng.TestNG.runSuitesSequentially(TestNG.java:1244)
	at org.testng.TestNG.runSuitesLocally(TestNG.java:1169)
	at org.testng.TestNG.run(TestNG.java:1064)
	at org.testng.remote.RemoteTestNG.run(RemoteTestNG.java:113)
	at org.testng.remote.RemoteTestNG.initAndRun(RemoteTestNG.java:206)
	at org.testng.remote.RemoteTestNG.main(RemoteTestNG.java:177)
</pre></div></td>
<td>6</td>
<td>fengrao.Demo1@28f67ac7</td></tr>
<tr>
<td title='fengrao.Demo3.test5()'><b>test5</b><br>Test class: fengrao.Demo3<br>Test method: 点击分享到后面的链接的网站<br>Parameters: 分享到腾讯微博, 腾讯网</td>
<td><div><pre>java.lang.AssertionError: expected [true] but found [false]
	at fengrao.Demo3.test5(Demo3.java:109)
... Removed 28 stack frames</pre></div><a href='#' onClick='toggleBox("stack-trace180017308", this, "Click to show all stack frames", "Click to hide stack frames")'>Click to show all stack frames</a>
<div class='stack-trace' id='stack-trace180017308'><pre>java.lang.AssertionError: expected [true] but found [false]
	at org.testng.Assert.fail(Assert.java:94)
	at org.testng.Assert.failNotEquals(Assert.java:513)
	at org.testng.Assert.assertTrue(Assert.java:42)
	at org.testng.Assert.assertTrue(Assert.java:52)
	at fengrao.Demo3.test5(Demo3.java:109)
	at sun.reflect.NativeMethodAccessorImpl.invoke0(Native Method)
	at sun.reflect.NativeMethodAccessorImpl.invoke(NativeMethodAccessorImpl.java:62)
	at sun.reflect.DelegatingMethodAccessorImpl.invoke(DelegatingMethodAccessorImpl.java:43)
	at java.lang.reflect.Method.invoke(Method.java:497)
	at org.testng.internal.MethodInvocationHelper.invokeMethod(MethodInvocationHelper.java:86)
	at org.testng.internal.Invoker.invokeMethod(Invoker.java:645)
	at org.testng.internal.Invoker.invokeTestMethod(Invoker.java:822)
	at org.testng.internal.Invoker.invokeTestMethods(Invoker.java:1130)
	at org.testng.internal.TestMethodWorker.invokeTestMethods(TestMethodWorker.java:129)
	at org.testng.internal.TestMethodWorker.run(TestMethodWorker.java:112)
	at org.testng.TestRunner.privateRun(TestRunner.java:782)
	at org.testng.TestRunner.run(TestRunner.java:632)
	at org.testng.SuiteRunner.runTest(SuiteRunner.java:366)
	at org.testng.SuiteRunner.runSequentially(SuiteRunner.java:361)
	at org.testng.SuiteRunner.privateRun(SuiteRunner.java:319)
	at org.testng.SuiteRunner.run(SuiteRunner.java:268)
	at org.testng.SuiteRunnerWorker.runSuite(SuiteRunnerWorker.java:52)
	at org.testng.SuiteRunnerWorker.run(SuiteRunnerWorker.java:86)
	at org.testng.TestNG.runSuitesSequentially(TestNG.java:1244)
	at org.testng.TestNG.runSuitesLocally(TestNG.java:1169)
	at org.testng.TestNG.run(TestNG.java:1064)
	at org.testng.remote.RemoteTestNG.run(RemoteTestNG.java:113)
	at org.testng.remote.RemoteTestNG.initAndRun(RemoteTestNG.java:206)
	at org.testng.remote.RemoteTestNG.main(RemoteTestNG.java:177)
</pre></div></td>
<td>11</td>
<td>fengrao.Demo3@256216b3</td></tr>
<tr>
<td title='fengrao.Demo1.test9()'><b>test9</b><br>Test class: fengrao.Demo1<br>Test method: 投稿:填写内容后，点击返回</td>
<td><div><pre>java.lang.AssertionError: expected [true] but found [false]
	at fengrao.Demo1.test9(Demo1.java:378)
... Removed 28 stack frames</pre></div><a href='#' onClick='toggleBox("stack-trace1673604690", this, "Click to show all stack frames", "Click to hide stack frames")'>Click to show all stack frames</a>
<div class='stack-trace' id='stack-trace1673604690'><pre>java.lang.AssertionError: expected [true] but found [false]
	at org.testng.Assert.fail(Assert.java:94)
	at org.testng.Assert.failNotEquals(Assert.java:513)
	at org.testng.Assert.assertTrue(Assert.java:42)
	at org.testng.Assert.assertTrue(Assert.java:52)
	at fengrao.Demo1.test9(Demo1.java:378)
	at sun.reflect.NativeMethodAccessorImpl.invoke0(Native Method)
	at sun.reflect.NativeMethodAccessorImpl.invoke(NativeMethodAccessorImpl.java:62)
	at sun.reflect.DelegatingMethodAccessorImpl.invoke(DelegatingMethodAccessorImpl.java:43)
	at java.lang.reflect.Method.invoke(Method.java:497)
	at org.testng.internal.MethodInvocationHelper.invokeMethod(MethodInvocationHelper.java:86)
	at org.testng.internal.Invoker.invokeMethod(Invoker.java:645)
	at org.testng.internal.Invoker.invokeTestMethod(Invoker.java:822)
	at org.testng.internal.Invoker.invokeTestMethods(Invoker.java:1130)
	at org.testng.internal.TestMethodWorker.invokeTestMethods(TestMethodWorker.java:129)
	at org.testng.internal.TestMethodWorker.run(TestMethodWorker.java:112)
	at org.testng.TestRunner.privateRun(TestRunner.java:782)
	at org.testng.TestRunner.run(TestRunner.java:632)
	at org.testng.SuiteRunner.runTest(SuiteRunner.java:366)
	at org.testng.SuiteRunner.runSequentially(SuiteRunner.java:361)
	at org.testng.SuiteRunner.privateRun(SuiteRunner.java:319)
	at org.testng.SuiteRunner.run(SuiteRunner.java:268)
	at org.testng.SuiteRunnerWorker.runSuite(SuiteRunnerWorker.java:52)
	at org.testng.SuiteRunnerWorker.run(SuiteRunnerWorker.java:86)
	at org.testng.TestNG.runSuitesSequentially(TestNG.java:1244)
	at org.testng.TestNG.runSuitesLocally(TestNG.java:1169)
	at org.testng.TestNG.run(TestNG.java:1064)
	at org.testng.remote.RemoteTestNG.run(RemoteTestNG.java:113)
	at org.testng.remote.RemoteTestNG.initAndRun(RemoteTestNG.java:206)
	at org.testng.remote.RemoteTestNG.main(RemoteTestNG.java:177)
</pre></div></td>
<td>25</td>
<td>fengrao.Demo1@28f67ac7</td></tr>
</table><p>
<table width='100%' border='1' class='invocation-passed'>
<tr><td colspan='4' align='center'><b>PASSED TESTS</b></td></tr>
<tr><td><b>Test method</b></td>
<td width="30%"><b>Exception</b></td>
<td width="10%"><b>Time (seconds)</b></td>
<td><b>Instance</b></td>
</tr>
<tr>
<td title='fengrao.Demo1.FindByContent1()'><b>FindByContent1</b><br>Test class: fengrao.Demo1<br>Test method: 根据空内容查找</td>
<td></td>
<td>3</td>
<td>fengrao.Demo1@28f67ac7</td></tr>
<tr>
<td title='fengrao.Demo1.FindBytitle2()'><b>FindBytitle2</b><br>Test class: fengrao.Demo1<br>Test method: 根据标题查找</td>
<td></td>
<td>10</td>
<td>fengrao.Demo1@28f67ac7</td></tr>
<tr>
<td title='fengrao.Demo1.FindPeopleByAddress1()'><b>FindPeopleByAddress1</b><br>Test class: fengrao.Demo1<br>Test method: 按地区找人并关注，有用户存在的地区</td>
<td></td>
<td>32</td>
<td>fengrao.Demo1@28f67ac7</td></tr>
<tr>
<td title='fengrao.Demo1.FindPeopleByAddress2()'><b>FindPeopleByAddress2</b><br>Test class: fengrao.Demo1<br>Test method: 按地区找人并关注，无用户存在的地区</td>
<td></td>
<td>28</td>
<td>fengrao.Demo1@28f67ac7</td></tr>
<tr>
<td title='fengrao.Demo1.FindPeopleByName1()'><b>FindPeopleByName1</b><br>Test class: fengrao.Demo1<br>Test method: 查找存在的用户</td>
<td></td>
<td>11</td>
<td>fengrao.Demo1@28f67ac7</td></tr>
<tr>
<td title='fengrao.Demo1.FindPeopleByName2()'><b>FindPeopleByName2</b><br>Test class: fengrao.Demo1<br>Test method: 查找空值</td>
<td></td>
<td>7</td>
<td>fengrao.Demo1@28f67ac7</td></tr>
<tr>
<td title='fengrao.Demo1.FindPeopleByName3()'><b>FindPeopleByName3</b><br>Test class: fengrao.Demo1<br>Test method: 查找不存在的用户</td>
<td></td>
<td>8</td>
<td>fengrao.Demo1@28f67ac7</td></tr>
<tr>
<td title='fengrao.Demo1.FindPeopleByStatus1()'><b>FindPeopleByStatus1</b><br>Test class: fengrao.Demo1<br>Test method: 查找开发者</td>
<td></td>
<td>10</td>
<td>fengrao.Demo1@28f67ac7</td></tr>
<tr>
<td title='fengrao.Demo1.FindPeopleByStatus2()'><b>FindPeopleByStatus2</b><br>Test class: fengrao.Demo1<br>Test method: 查找站长</td>
<td></td>
<td>5</td>
<td>fengrao.Demo1@28f67ac7</td></tr>
<tr>
<td title='fengrao.Demo1.FindPeopleByStatus3()'><b>FindPeopleByStatus3</b><br>Test class: fengrao.Demo1<br>Test method: 普通用户</td>
<td></td>
<td>8</td>
<td>fengrao.Demo1@28f67ac7</td></tr>
<tr>
<td title='fengrao.Demo1.HandlePeople1()'><b>HandlePeople1</b><br>Test class: fengrao.Demo1<br>Test method: 进入用户个人主页取消关注<br>Parameters: feng1</td>
<td></td>
<td>18</td>
<td>fengrao.Demo1@28f67ac7</td></tr>
<tr>
<td title='fengrao.Demo1.HandlePeople1()'><b>HandlePeople1</b><br>Test class: fengrao.Demo1<br>Test method: 进入用户个人主页取消关注<br>Parameters: feng2</td>
<td></td>
<td>17</td>
<td>fengrao.Demo1@28f67ac7</td></tr>
<tr>
<td title='fengrao.Demo1.HandlePeople1()'><b>HandlePeople1</b><br>Test class: fengrao.Demo1<br>Test method: 进入用户个人主页取消关注<br>Parameters: feng3</td>
<td></td>
<td>16</td>
<td>fengrao.Demo1@28f67ac7</td></tr>
<tr>
<td title='fengrao.Demo1.HandlePeople2()'><b>HandlePeople2</b><br>Test class: fengrao.Demo1<br>Test method: 关注用户<br>Parameters: feng1</td>
<td></td>
<td>20</td>
<td>fengrao.Demo1@28f67ac7</td></tr>
<tr>
<td title='fengrao.Demo1.HandlePeople2()'><b>HandlePeople2</b><br>Test class: fengrao.Demo1<br>Test method: 关注用户<br>Parameters: feng2</td>
<td></td>
<td>19</td>
<td>fengrao.Demo1@28f67ac7</td></tr>
<tr>
<td title='fengrao.Demo1.HandlePeople2()'><b>HandlePeople2</b><br>Test class: fengrao.Demo1<br>Test method: 关注用户<br>Parameters: feng3</td>
<td></td>
<td>17</td>
<td>fengrao.Demo1@28f67ac7</td></tr>
<tr>
<td title='fengrao.Demo1.HandlePeople5()'><b>HandlePeople5</b><br>Test class: fengrao.Demo1<br>Test method: 对指定用户发起聊天</td>
<td></td>
<td>20</td>
<td>fengrao.Demo1@28f67ac7</td></tr>
<tr>
<td title='fengrao.Demo1.test1()'><b>test1</b><br>Test class: fengrao.Demo1<br>Test method: 国内新闻分类下的资讯列表显示</td>
<td></td>
<td>12</td>
<td>fengrao.Demo1@28f67ac7</td></tr>
<tr>
<td title='fengrao.Demo3.test1()'><b>test1</b><br>Test class: fengrao.Demo3<br>Test method: 通过点击资讯的标题进入详情页</td>
<td></td>
<td>7</td>
<td>fengrao.Demo3@256216b3</td></tr>
<tr>
<td title='fengrao.Demo1.test10()'><b>test10</b><br>Test class: fengrao.Demo1<br>Test method: 我的投稿</td>
<td></td>
<td>10</td>
<td>fengrao.Demo1@28f67ac7</td></tr>
<tr>
<td title='fengrao.Demo1.test2()'><b>test2</b><br>Test class: fengrao.Demo1<br>Test method: 默认分类分类下的资讯列表显示</td>
<td></td>
<td>8</td>
<td>fengrao.Demo1@28f67ac7</td></tr>
<tr>
<td title='fengrao.Demo3.test2()'><b>test2</b><br>Test class: fengrao.Demo3<br>Test method: 通过点击资讯的图片进入详情页</td>
<td></td>
<td>6</td>
<td>fengrao.Demo3@256216b3</td></tr>
<tr>
<td title='fengrao.Demo3.test3()'><b>test3</b><br>Test class: fengrao.Demo3<br>Test method: 进入资讯详细界面输入不同的内容进行分享<br>Parameters: , 发表 Ctrl+Enter</td>
<td></td>
<td>15</td>
<td>fengrao.Demo3@256216b3</td></tr>
<tr>
<td title='fengrao.Demo3.test3()'><b>test3</b><br>Test class: fengrao.Demo3<br>Test method: 进入资讯详细界面输入不同的内容进行分享<br>Parameters: 11, 分享成功</td>
<td></td>
<td>15</td>
<td>fengrao.Demo3@256216b3</td></tr>
<tr>
<td title='fengrao.Demo3.test3()'><b>test3</b><br>Test class: fengrao.Demo3<br>Test method: 进入资讯详细界面输入不同的内容进行分享<br>Parameters: 非常棒, 分享成功</td>
<td></td>
<td>15</td>
<td>fengrao.Demo3@256216b3</td></tr>
<tr>
<td title='fengrao.Demo3.test3()'><b>test3</b><br>Test class: fengrao.Demo3<br>Test method: 进入资讯详细界面输入不同的内容进行分享<br>Parameters: 这个资讯里面有很多的内容，这个资讯里面有很多的内容，这个资讯里面有很多的内容，这个资讯里面有很多的内容, 分享成功</td>
<td></td>
<td>15</td>
<td>fengrao.Demo3@256216b3</td></tr>
<tr>
<td title='fengrao.Demo3.test3()'><b>test3</b><br>Test class: fengrao.Demo3<br>Test method: 进入资讯详细界面输入不同的内容进行分享<br>Parameters: ##$, 分享成功</td>
<td></td>
<td>15</td>
<td>fengrao.Demo3@256216b3</td></tr>
<tr>
<td title='fengrao.Demo1.test4()'><b>test4</b><br>Test class: fengrao.Demo1<br>Test method: 轮播图片的变换,右侧按钮</td>
<td></td>
<td>9</td>
<td>fengrao.Demo1@28f67ac7</td></tr>
<tr>
<td title='fengrao.Demo3.test4()'><b>test4</b><br>Test class: fengrao.Demo3<br>Test method: 进入资讯详细界面输入表情进行分享</td>
<td></td>
<td>22</td>
<td>fengrao.Demo3@256216b3</td></tr>
<tr>
<td title='fengrao.Demo3.test5()'><b>test5</b><br>Test class: fengrao.Demo3<br>Test method: 点击分享到后面的链接的网站<br>Parameters: 分享到QQ空间, QQ空间</td>
<td></td>
<td>13</td>
<td>fengrao.Demo3@256216b3</td></tr>
<tr>
<td title='fengrao.Demo3.test5()'><b>test5</b><br>Test class: fengrao.Demo3<br>Test method: 点击分享到后面的链接的网站<br>Parameters: 分享到新浪微博, 登录</td>
<td></td>
<td>12</td>
<td>fengrao.Demo3@256216b3</td></tr>
<tr>
<td title='fengrao.Demo3.test5()'><b>test5</b><br>Test class: fengrao.Demo3<br>Test method: 点击分享到后面的链接的网站<br>Parameters: 分享到人人网, 人人分享</td>
<td></td>
<td>11</td>
<td>fengrao.Demo3@256216b3</td></tr>
<tr>
<td title='fengrao.Demo3.test5()'><b>test5</b><br>Test class: fengrao.Demo3<br>Test method: 点击分享到后面的链接的网站<br>Parameters: 分享到百度贴吧, 贴吧</td>
<td></td>
<td>11</td>
<td>fengrao.Demo3@256216b3</td></tr>
<tr>
<td title='fengrao.Demo3.test51()'><b>test51</b><br>Test class: fengrao.Demo3<br>Test method: 点击分享到微信</td>
<td></td>
<td>12</td>
<td>fengrao.Demo3@256216b3</td></tr>
<tr>
<td title='fengrao.Demo3.test52()'><b>test52</b><br>Test class: fengrao.Demo3<br>Test method: 点击分享到到复制网址</td>
<td></td>
<td>10</td>
<td>fengrao.Demo3@256216b3</td></tr>
<tr>
<td title='fengrao.Demo1.test6()'><b>test6</b><br>Test class: fengrao.Demo1<br>Test method: 轮播图片的变换,右下侧按钮，测每一个按钮<br>Parameters: 1, 广告1</td>
<td></td>
<td>10</td>
<td>fengrao.Demo1@28f67ac7</td></tr>
<tr>
<td title='fengrao.Demo1.test6()'><b>test6</b><br>Test class: fengrao.Demo1<br>Test method: 轮播图片的变换,右下侧按钮，测每一个按钮<br>Parameters: 2, 广告2</td>
<td></td>
<td>7</td>
<td>fengrao.Demo1@28f67ac7</td></tr>
<tr>
<td title='fengrao.Demo1.test6()'><b>test6</b><br>Test class: fengrao.Demo1<br>Test method: 轮播图片的变换,右下侧按钮，测每一个按钮<br>Parameters: 3, 广告3</td>
<td></td>
<td>6</td>
<td>fengrao.Demo1@28f67ac7</td></tr>
<tr>
<td title='fengrao.Demo1.test7()'><b>test7</b><br>Test class: fengrao.Demo1<br>Test method: 投稿:不填写任何内容</td>
<td></td>
<td>23</td>
<td>fengrao.Demo1@28f67ac7</td></tr>
<tr>
<td title='fengrao.Demo3.test7()'><b>test7</b><br>Test class: fengrao.Demo3<br>Test method: 评论空内容</td>
<td></td>
<td>10</td>
<td>fengrao.Demo3@256216b3</td></tr>
<tr>
<td title='fengrao.Demo1.test8()'><b>test8</b><br>Test class: fengrao.Demo1<br>Test method: 投稿:不填写任何内容，点击返回</td>
<td></td>
<td>21</td>
<td>fengrao.Demo1@28f67ac7</td></tr>
<tr>
<td title='fengrao.Demo3.test8()'><b>test8</b><br>Test class: fengrao.Demo3<br>Test method: 回复评论</td>
<td></td>
<td>13</td>
<td>fengrao.Demo3@256216b3</td></tr>
<tr>
<td title='fengrao.Demo3.test9()'><b>test9</b><br>Test class: fengrao.Demo3<br>Test method: 删除评论</td>
<td></td>
<td>9</td>
<td>fengrao.Demo3@256216b3</td></tr>
</table><p>
</body>
</html>